[2021-11-28T07:24:35.127Z] Csv Import Start-------------------------------
[Success] Import Csv File is Succeeded. [primitive_types.csv]
[Success] Import Csv File is Succeeded. [reports.csv]
[Success] Import Csv File is Succeeded. [form_types.csv]
[Success] Import Csv File is Succeeded. [test_action_category.csv]
[Success] Import Csv File is Succeeded. [program_types.csv]
[Success] Import Csv File is Succeeded. [test_common_steps.csv]
[Success] Import Csv File is Succeeded. [class_types.csv]
[Warning] Update processing for the specified record has been skipped. This record is read-only. [format_types][name: 00]
[Warning] Update processing for the specified record has been skipped. This record is read-only. [format_types][name: 01]
[Warning] Update processing for the specified record has been skipped. This record is read-only. [format_types][name: 10]
[Warning] Update processing for the specified record has been skipped. This record is read-only. [format_types][name: 11]
[Warning] Update processing for the specified record has been skipped. This record is read-only. [format_types][name: 12]
[Warning] Update processing for the specified record has been skipped. This record is read-only. [format_types][name: 14]
[Warning] Update processing for the specified record has been skipped. This record is read-only. [format_types][name: 15]
[Warning] Update processing for the specified record has been skipped. This record is read-only. [format_types][name: 18]
[Warning] Update processing for the specified record has been skipped. This record is read-only. [format_types][name: 19]
[Warning] Update processing for the specified record has been skipped. This record is read-only. [format_types][name: 21]
[Warning] Update processing for the specified record has been skipped. This record is read-only. [format_types][name: 22]
[Warning] Update processing for the specified record has been skipped. This record is read-only. [format_types][name: 31]
[Warning] Update processing for the specified record has been skipped. This record is read-only. [format_types][name: 32]
[Warning] Update processing for the specified record has been skipped. This record is read-only. [format_types][name: 34]
[Warning] Update processing for the specified record has been skipped. This record is read-only. [format_types][name: 35]
[Warning] Update processing for the specified record has been skipped. This record is read-only. [format_types][name: 37]
[Warning] Update processing for the specified record has been skipped. This record is read-only. [format_types][name: 38]
[Warning] Update processing for the specified record has been skipped. This record is read-only. [format_types][name: 52]
[Warning] Update processing for the specified record has been skipped. This record is read-only. [format_types][name: 53]
[Warning] Update processing for the specified record has been skipped. This record is read-only. [format_types][name: 54]
[Warning] Update processing for the specified record has been skipped. This record is read-only. [format_types][name: 55]
[Warning] Update processing for the specified record has been skipped. This record is read-only. [format_types][name: 56]
[Warning] Update processing for the specified record has been skipped. This record is read-only. [format_types][name: 57]
[Warning] Update processing for the specified record has been skipped. This record is read-only. [format_types][name: 59]
[Warning] Update processing for the specified record has been skipped. This record is read-only. [format_types][name: 60]
[Warning] Update processing for the specified record has been skipped. This record is read-only. [format_types][name: 61]
[Warning] Update processing for the specified record has been skipped. This record is read-only. [format_types][name: 62]
[Warning] Update processing for the specified record has been skipped. This record is read-only. [format_types][name: 63]
[Warning] Update processing for the specified record has been skipped. This record is read-only. [format_types][name: 64]
[Warning] Update processing for the specified record has been skipped. This record is read-only. [format_types][name: 65]
[Warning] Update processing for the specified record has been skipped. This record is read-only. [format_types][name: 66]
[Success] Import Csv File is Succeeded. [format_types.csv]
[Success] Import Csv File is Succeeded. [terms.csv]
[Warning] Update processing for the specified record has been skipped. This record is read-only. [entity_constraint_types][name: 一意性]
[Warning] Update processing for the specified record has been skipped. This record is read-only. [entity_constraint_types][name: 主キー]
[Warning] Update processing for the specified record has been skipped. This record is read-only. [entity_constraint_types][name: 代替キー]
[Warning] Update processing for the specified record has been skipped. This record is read-only. [entity_constraint_types][name: 逆方向エントリ]
[Success] Import Csv File is Succeeded. [entity_constraint_types.csv]
[Warning] Update processing for the specified record has been skipped. This record is read-only. [form_action_types][name: DB更新]
[Warning] Update processing for the specified record has been skipped. This record is read-only. [form_action_types][name: ListCREATOR]
[Warning] Update processing for the specified record has been skipped. This record is read-only. [form_action_types][name: クライアントスクリプト]
[Warning] Update processing for the specified record has been skipped. This record is read-only. [form_action_types][name: ファイルダウンロード]
[Warning] Update processing for the specified record has been skipped. This record is read-only. [form_action_types][name: 他フォーム]
[Warning] Update processing for the specified record has been skipped. This record is read-only. [form_action_types][name: 先頭ページ]
[Warning] Update processing for the specified record has been skipped. This record is read-only. [form_action_types][name: 別プログラム起動]
[Warning] Update processing for the specified record has been skipped. This record is read-only. [form_action_types][name: 前グループ]
[Warning] Update processing for the specified record has been skipped. This record is read-only. [form_action_types][name: 前ページ（Web用）]
[Warning] Update processing for the specified record has been skipped. This record is read-only. [form_action_types][name: 指定グループ移動]
[Warning] Update processing for the specified record has been skipped. This record is read-only. [form_action_types][name: 明細行削除]
[Warning] Update processing for the specified record has been skipped. This record is read-only. [form_action_types][name: 明細行挿入]
[Warning] Update processing for the specified record has been skipped. This record is read-only. [form_action_types][name: 明細行追加]
[Warning] Update processing for the specified record has been skipped. This record is read-only. [form_action_types][name: 最終ページ]
[Warning] Update processing for the specified record has been skipped. This record is read-only. [form_action_types][name: 次グループ]
[Warning] Update processing for the specified record has been skipped. This record is read-only. [form_action_types][name: 次ページ（Web用）]
[Warning] Update processing for the specified record has been skipped. This record is read-only. [form_action_types][name: （その他の動作）]
[Success] Import Csv File is Succeeded. [form_action_types.csv]
[Success] Import Csv File is Succeeded. [test_actions.csv]
[Success] Import Csv File is Succeeded. [test_actions_test_common_steps.csv]
[Success] Import Csv File is Succeeded. [item_attributes.csv]
[Success] Import Csv File is Succeeded. [method_types.csv]
[Success] Import Csv File is Succeeded. [ejb_interface_types.csv]
[Success] Import Csv File is Succeeded. [sub_systems.csv]
[Success] Import Csv File is Succeeded. [test_cases.csv]
[Success] Import Csv File is Succeeded. [test_common_steps_test_cases.csv]
[Success] Import Csv File is Succeeded. [test_actions_test_cases.csv]
[Warning] Update processing for the specified record has been skipped. This record is read-only. [message_types][name: インフォメーション]
[Warning] Update processing for the specified record has been skipped. This record is read-only. [message_types][name: エラー]
[Warning] Update processing for the specified record has been skipped. This record is read-only. [message_types][name: システム]
[Success] Import Csv File is Succeeded. [message_types.csv]
[Success] Import Csv File is Succeeded. [reserved_words.csv]
[Success] Import Csv File is Succeeded. [entities.csv]
[Warning] Update processing for the specified record has been skipped. This record is read-only. [form_control_types][name: その他]
[Warning] Update processing for the specified record has been skipped. This record is read-only. [form_control_types][name: クリアボタン]
[Warning] Update processing for the specified record has been skipped. This record is read-only. [form_control_types][name: サーバサイドフィールド]
[Warning] Update processing for the specified record has been skipped. This record is read-only. [form_control_types][name: チェックボックス]
[Warning] Update processing for the specified record has been skipped. This record is read-only. [form_control_types][name: チェックボックスリスト]
[Warning] Update processing for the specified record has been skipped. This record is read-only. [form_control_types][name: テキストボックスリードオンリー]
[Warning] Update processing for the specified record has been skipped. This record is read-only. [form_control_types][name: ドロップダウンリスト]
[Warning] Update processing for the specified record has been skipped. This record is read-only. [form_control_types][name: パスワードボックス]
[Warning] Update processing for the specified record has been skipped. This record is read-only. [form_control_types][name: ファイルアップロード]
[Warning] Update processing for the specified record has been skipped. This record is read-only. [form_control_types][name: ボタン]
[Warning] Update processing for the specified record has been skipped. This record is read-only. [form_control_types][name: ラジオボタン]
[Warning] Update processing for the specified record has been skipped. This record is read-only. [form_control_types][name: ラベル]
[Warning] Update processing for the specified record has been skipped. This record is read-only. [form_control_types][name: リストボックス]
[Warning] Update processing for the specified record has been skipped. This record is read-only. [form_control_types][name: リンク]
[Warning] Update processing for the specified record has been skipped. This record is read-only. [form_control_types][name: 複数行テキストボックス]
[Warning] Update processing for the specified record has been skipped. This record is read-only. [form_control_types][name: 送信ボタン]
[Warning] Update processing for the specified record has been skipped. This record is read-only. [form_control_types][name: 隠しフィールド]
[Warning] Update processing for the specified record has been skipped. This record is read-only. [form_control_types][name: １行テキストボックス]
[Success] Import Csv File is Succeeded. [form_control_types.csv]
[Success] Import Csv File is Succeeded. [db_types.csv]
[Success] Import Csv File is Succeeded. [files.csv]
[Success] Import Csv File is Succeeded. [messages.csv]
[Success] Import Csv File is Succeeded. [batch_jobs.csv]
[Success] Import Csv File is Succeeded. [conditions.csv]
[Success] Import Csv File is Succeeded. [entity_diagrams.csv]
[Success] Import Csv File is Succeeded. [component_types.csv]
[Error] Import Csv File is failed. [data_types.csv]
> l.2: Duplicate Data Type ID.
> l.3: Duplicate Data Type ID.
> l.4: Duplicate Data Type ID.
> l.5: Duplicate Data Type ID.
> l.6: Duplicate Data Type ID.
Csv Import Batch Process Failed.  JobId: 8104a694-37c3-420f-b891-6caa379e71c7
[2021-11-28T07:24:57.740Z] Csv Import End-------------------------------
