Using pre-set license
Built from '2020.3/staging' branch; Version is '2020.3.11f1 (99c7afb366b3) revision 10078127'; Using compiler version '192528614'; Build Type 'Release'
OS: 'Windows 10 Enterprise; OS build 19042.1052; Version 2009; 64bit' Language: 'en' Physical Memory: 16026 MB
BatchMode: 1, IsHumanControllingUs: 0, StartBugReporterOnCrash: 0, Is64bit: 1, IsPro: 0

 COMMAND LINE ARGUMENTS:
C:\Program Files\Unity\Hub\Editor\2020.3.13f1\Editor\Unity.exe
-adb2
-batchMode
-noUpm
-name
AssetImportWorker0
-projectPath
D:/Training/Witty Academy Game App/Unity/Module2
-logFile
Logs/AssetImportWorker0.log
-srvPort
62990
Successfully changed project path to: D:/Training/Witty Academy Game App/Unity/Module2
D:/Training/Witty Academy Game App/Unity/Module2
Using Asset Import Pipeline V2.
Refreshing native plugins compatible for Editor in 36.48 ms, found 3 plugins.
Preloading 0 native plugins for Editor in 0.00 ms.
Initialize engine version: 2020.3.11f1 (99c7afb366b3)
[Subsystems] Discovering subsystems at path C:/Program Files/Unity/Hub/Editor/2020.3.13f1/Editor/Data/Resources/UnitySubsystems
[Subsystems] Discovering subsystems at path D:/Training/Witty Academy Game App/Unity/Module2/Assets
GfxDevice: creating device client; threaded=0
Direct3D:
    Version:  Direct3D 11.0 [level 11.1]
    Renderer: Intel(R) UHD Graphics (ID=0x9b41)
    Vendor:   
    VRAM:     8013 MB
    Driver:   27.20.100.9268
Initialize mono
Mono path[0] = 'C:/Program Files/Unity/Hub/Editor/2020.3.13f1/Editor/Data/Managed'
Mono path[1] = 'C:/Program Files/Unity/Hub/Editor/2020.3.13f1/Editor/Data/MonoBleedingEdge/lib/mono/unityjit'
Mono config path = 'C:/Program Files/Unity/Hub/Editor/2020.3.13f1/Editor/Data/MonoBleedingEdge/etc'
Using monoOptions --debugger-agent=transport=dt_socket,embedding=1,server=y,suspend=n,address=127.0.0.1:56400
Begin MonoManager ReloadAssembly
Registering precompiled unity dll's ...
Register platform support module: C:/Program Files/Unity/Hub/Editor/2020.3.13f1/Editor/Data/PlaybackEngines/WindowsStandaloneSupport/UnityEditor.WindowsStandalone.Extensions.dll
Registered in 0.002386 seconds.
Native extension for WindowsStandalone target not found
Refreshing native plugins compatible for Editor in 35.84 ms, found 3 plugins.
Preloading 0 native plugins for Editor in 0.00 ms.
Mono: successfully reloaded assembly
- Completed reload, in  1.280 seconds
Platform modules already initialized, skipping
Registering precompiled user dll's ...
Registered in 0.004862 seconds.
Begin MonoManager ReloadAssembly
Native extension for WindowsStandalone target not found
Refreshing native plugins compatible for Editor in 33.53 ms, found 3 plugins.
Preloading 0 native plugins for Editor in 0.00 ms.
Mono: successfully reloaded assembly
- Completed reload, in  1.060 seconds
Platform modules already initialized, skipping
========================================================================
Worker process is ready to serve import requests
Launched and connected shader compiler UnityShaderCompiler.exe after 0.26 seconds
Refreshing native plugins compatible for Editor in 0.64 ms, found 3 plugins.
Preloading 0 native plugins for Editor in 0.00 ms.
Unloading 2080 Unused Serialized files (Serialized files now loaded: 0)
System memory in use before: 92.8 MB.
System memory in use after: 92.7 MB.

Unloading 33 unused Assets to reduce memory usage. Loaded Objects now: 2513.
Total: 6.285700 ms (FindLiveObjects: 0.473600 ms CreateObjectMapping: 0.335800 ms MarkObjects: 5.254100 ms  DeleteObjects: 0.219400 ms)

========================================================================
Received Import Request.
  path: Assets
  artifactKey: Guid(00000000000000001000000000000000) Importer(815301076,1909f56bfc062723c751e8b465ee728b)
Start importing Assets using Guid(00000000000000001000000000000000) Importer(815301076,1909f56bfc062723c751e8b465ee728b)  -> (artifact id: '42d402b061de3733987d63b9cc3b64de') in 0.021960 seconds
  Import took 0.029127 seconds .

========================================================================
Received Import Request.
  Time since last request: 24.487320 seconds.
  path: Assets/EXAMPLEvARIABLES.cs
  artifactKey: Guid(121466b7d557fc64da859c583a09532a) Importer(815301076,1909f56bfc062723c751e8b465ee728b)
Start importing Assets/EXAMPLEvARIABLES.cs using Guid(121466b7d557fc64da859c583a09532a) Importer(815301076,1909f56bfc062723c751e8b465ee728b)  -> (artifact id: '6f8abd52948e83c6b9e7cb5c9acd4278') in 0.046262 seconds
  Import took 0.053043 seconds .

========================================================================
Received Prepare
Registering precompiled user dll's ...
Registered in 0.003628 seconds.
Begin MonoManager ReloadAssembly
Native extension for WindowsStandalone target not found
Refreshing native plugins compatible for Editor in 1.15 ms, found 3 plugins.
Preloading 0 native plugins for Editor in 0.00 ms.
Mono: successfully reloaded assembly
- Completed reload, in  1.713 seconds
Platform modules already initialized, skipping
Refreshing native plugins compatible for Editor in 0.97 ms, found 3 plugins.
Preloading 0 native plugins for Editor in 0.00 ms.
Unloading 2076 Unused Serialized files (Serialized files now loaded: 0)
System memory in use before: 92.7 MB.
System memory in use after: 92.7 MB.

Unloading 21 unused Assets to reduce memory usage. Loaded Objects now: 2518.
Total: 5.566300 ms (FindLiveObjects: 0.388900 ms CreateObjectMapping: 0.115900 ms MarkObjects: 4.916100 ms  DeleteObjects: 0.139200 ms)

========================================================================
Received Import Request.
  Time since last request: 13.471792 seconds.
  path: Assets/ExampLEvARIABLES.cs
  artifactKey: Guid(121466b7d557fc64da859c583a09532a) Importer(815301076,1909f56bfc062723c751e8b465ee728b)
Start importing Assets/ExampLEvARIABLES.cs using Guid(121466b7d557fc64da859c583a09532a) Importer(815301076,1909f56bfc062723c751e8b465ee728b)  -> (artifact id: '9b54cd1b893fd7e57b67c33e0a040f12') in 0.016749 seconds
  Import took 0.021883 seconds .

========================================================================
Received Import Request.
  Time since last request: 0.002351 seconds.
  path: Assets/ExampLEvARIABLES.cs
  artifactKey: Guid(121466b7d557fc64da859c583a09532a) Importer(815301076,1909f56bfc062723c751e8b465ee728b)
Start importing Assets/ExampLEvARIABLES.cs using Guid(121466b7d557fc64da859c583a09532a) Importer(815301076,1909f56bfc062723c751e8b465ee728b)  -> (artifact id: '9b54cd1b893fd7e57b67c33e0a040f12') in 0.004573 seconds
  Import took 0.010786 seconds .

========================================================================
Received Prepare
Registering precompiled user dll's ...
Registered in 0.004557 seconds.
Begin MonoManager ReloadAssembly
Native extension for WindowsStandalone target not found
Refreshing native plugins compatible for Editor in 1.07 ms, found 3 plugins.
Preloading 0 native plugins for Editor in 0.00 ms.
Mono: successfully reloaded assembly
- Completed reload, in  1.668 seconds
Platform modules already initialized, skipping
Refreshing native plugins compatible for Editor in 1.39 ms, found 3 plugins.
Preloading 0 native plugins for Editor in 0.00 ms.
Unloading 2076 Unused Serialized files (Serialized files now loaded: 0)
System memory in use before: 92.8 MB.
System memory in use after: 92.8 MB.

Unloading 21 unused Assets to reduce memory usage. Loaded Objects now: 2522.
Total: 5.015100 ms (FindLiveObjects: 0.422800 ms CreateObjectMapping: 0.180800 ms MarkObjects: 4.211400 ms  DeleteObjects: 0.196200 ms)

========================================================================
Received Prepare
Registering precompiled user dll's ...
Registered in 0.004422 seconds.
Begin MonoManager ReloadAssembly
Native extension for WindowsStandalone target not found
Refreshing native plugins compatible for Editor in 0.54 ms, found 3 plugins.
Preloading 0 native plugins for Editor in 0.00 ms.
Mono: successfully reloaded assembly
- Completed reload, in  1.175 seconds
Platform modules already initialized, skipping
Refreshing native plugins compatible for Editor in 0.54 ms, found 3 plugins.
Preloading 0 native plugins for Editor in 0.00 ms.
Unloading 2076 Unused Serialized files (Serialized files now loaded: 0)
System memory in use before: 92.8 MB.
System memory in use after: 92.8 MB.

Unloading 21 unused Assets to reduce memory usage. Loaded Objects now: 2526.
Total: 2.804300 ms (FindLiveObjects: 0.234100 ms CreateObjectMapping: 0.082100 ms MarkObjects: 2.358300 ms  DeleteObjects: 0.128700 ms)

========================================================================
Received Import Request.
  Time since last request: 255.347326 seconds.
  path: Assets/ExampLEvARIABLES.cs
  artifactKey: Guid(121466b7d557fc64da859c583a09532a) Importer(815301076,1909f56bfc062723c751e8b465ee728b)
Start importing Assets/ExampLEvARIABLES.cs using Guid(121466b7d557fc64da859c583a09532a) Importer(815301076,1909f56bfc062723c751e8b465ee728b)  -> (artifact id: '38e592dde603af700ebe20a894338c25') in 0.004382 seconds
  Import took 0.007427 seconds .

========================================================================
Received Import Request.
  Time since last request: 24.621558 seconds.
  path: Assets/ExampleVariables.cs
  artifactKey: Guid(121466b7d557fc64da859c583a09532a) Importer(815301076,1909f56bfc062723c751e8b465ee728b)
Start importing Assets/ExampleVariables.cs using Guid(121466b7d557fc64da859c583a09532a) Importer(815301076,1909f56bfc062723c751e8b465ee728b)  -> (artifact id: '45b0555673ea1a68463c98442e00a71d') in 0.009435 seconds
  Import took 0.013059 seconds .

========================================================================
Received Prepare
Registering precompiled user dll's ...
Registered in 0.003537 seconds.
Begin MonoManager ReloadAssembly
Native extension for WindowsStandalone target not found
Refreshing native plugins compatible for Editor in 0.42 ms, found 3 plugins.
Preloading 0 native plugins for Editor in 0.00 ms.
Mono: successfully reloaded assembly
- Completed reload, in  0.956 seconds
Platform modules already initialized, skipping
Refreshing native plugins compatible for Editor in 0.48 ms, found 3 plugins.
Preloading 0 native plugins for Editor in 0.00 ms.
Unloading 2076 Unused Serialized files (Serialized files now loaded: 0)
System memory in use before: 92.8 MB.
System memory in use after: 92.8 MB.

Unloading 21 unused Assets to reduce memory usage. Loaded Objects now: 2530.
Total: 4.138200 ms (FindLiveObjects: 0.330200 ms CreateObjectMapping: 0.117900 ms MarkObjects: 3.511100 ms  DeleteObjects: 0.177400 ms)

========================================================================
Received Prepare
Registering precompiled user dll's ...
Registered in 0.003784 seconds.
Begin MonoManager ReloadAssembly
Native extension for WindowsStandalone target not found
Refreshing native plugins compatible for Editor in 0.48 ms, found 3 plugins.
Preloading 0 native plugins for Editor in 0.00 ms.
Mono: successfully reloaded assembly
- Completed reload, in  0.979 seconds
Platform modules already initialized, skipping
Refreshing native plugins compatible for Editor in 0.40 ms, found 3 plugins.
Preloading 0 native plugins for Editor in 0.00 ms.
Unloading 2077 Unused Serialized files (Serialized files now loaded: 0)
System memory in use before: 92.8 MB.
System memory in use after: 92.8 MB.

Unloading 21 unused Assets to reduce memory usage. Loaded Objects now: 2535.
Total: 1.982100 ms (FindLiveObjects: 0.207300 ms CreateObjectMapping: 0.068100 ms MarkObjects: 1.617400 ms  DeleteObjects: 0.088600 ms)

========================================================================
Received Prepare
Registering precompiled user dll's ...
Registered in 0.007027 seconds.
Begin MonoManager ReloadAssembly
Native extension for WindowsStandalone target not found
Refreshing native plugins compatible for Editor in 0.52 ms, found 3 plugins.
Preloading 0 native plugins for Editor in 0.00 ms.
Mono: successfully reloaded assembly
- Completed reload, in  1.043 seconds
Platform modules already initialized, skipping
Refreshing native plugins compatible for Editor in 0.71 ms, found 3 plugins.
Preloading 0 native plugins for Editor in 0.00 ms.
Unloading 2077 Unused Serialized files (Serialized files now loaded: 0)
System memory in use before: 92.9 MB.
System memory in use after: 92.8 MB.

Unloading 21 unused Assets to reduce memory usage. Loaded Objects now: 2539.
Total: 2.019900 ms (FindLiveObjects: 0.227500 ms CreateObjectMapping: 0.075500 ms MarkObjects: 1.625500 ms  DeleteObjects: 0.090200 ms)

========================================================================
Received Import Request.
  Time since last request: 472.955016 seconds.
  path: Assets/ExampleVariables.cs
  artifactKey: Guid(121466b7d557fc64da859c583a09532a) Importer(815301076,1909f56bfc062723c751e8b465ee728b)
Start importing Assets/ExampleVariables.cs using Guid(121466b7d557fc64da859c583a09532a) Importer(815301076,1909f56bfc062723c751e8b465ee728b)  -> (artifact id: 'dd3402e2a8aa761b302464b0ec5a42ae') in 0.004790 seconds
  Import took 0.007832 seconds .

========================================================================
Received Prepare
Registering precompiled user dll's ...
Registered in 0.006001 seconds.
Begin MonoManager ReloadAssembly
Native extension for WindowsStandalone target not found
Refreshing native plugins compatible for Editor in 0.40 ms, found 3 plugins.
Preloading 0 native plugins for Editor in 0.00 ms.
Mono: successfully reloaded assembly
- Completed reload, in  1.124 seconds
Platform modules already initialized, skipping
Refreshing native plugins compatible for Editor in 0.42 ms, found 3 plugins.
Preloading 0 native plugins for Editor in 0.00 ms.
Unloading 2077 Unused Serialized files (Serialized files now loaded: 0)
System memory in use before: 92.9 MB.
System memory in use after: 92.9 MB.

Unloading 21 unused Assets to reduce memory usage. Loaded Objects now: 2543.
Total: 2.487800 ms (FindLiveObjects: 0.274800 ms CreateObjectMapping: 0.087200 ms MarkObjects: 2.018000 ms  DeleteObjects: 0.106500 ms)

========================================================================
Received Import Request.
  Time since last request: 207.709472 seconds.
  path: Assets/ExampleVariables.cs
  artifactKey: Guid(121466b7d557fc64da859c583a09532a) Importer(815301076,1909f56bfc062723c751e8b465ee728b)
Start importing Assets/ExampleVariables.cs using Guid(121466b7d557fc64da859c583a09532a) Importer(815301076,1909f56bfc062723c751e8b465ee728b)  -> (artifact id: '97aa7d5efc8c644ee70d80366e891da9') in 0.047293 seconds
  Import took 0.051728 seconds .

========================================================================
Received Prepare
Registering precompiled user dll's ...
Registered in 0.004484 seconds.
Begin MonoManager ReloadAssembly
Native extension for WindowsStandalone target not found
Refreshing native plugins compatible for Editor in 0.69 ms, found 3 plugins.
Preloading 0 native plugins for Editor in 0.00 ms.
Mono: successfully reloaded assembly
- Completed reload, in  1.600 seconds
Platform modules already initialized, skipping
Refreshing native plugins compatible for Editor in 0.63 ms, found 3 plugins.
Preloading 0 native plugins for Editor in 0.00 ms.
Unloading 2077 Unused Serialized files (Serialized files now loaded: 0)
System memory in use before: 92.9 MB.
System memory in use after: 92.9 MB.

Unloading 21 unused Assets to reduce memory usage. Loaded Objects now: 2547.
Total: 3.707900 ms (FindLiveObjects: 0.273800 ms CreateObjectMapping: 0.203000 ms MarkObjects: 2.822500 ms  DeleteObjects: 0.403600 ms)

========================================================================
Received Prepare
Registering precompiled user dll's ...
Registered in 0.004530 seconds.
Begin MonoManager ReloadAssembly
Native extension for WindowsStandalone target not found
Refreshing native plugins compatible for Editor in 1.26 ms, found 3 plugins.
Preloading 0 native plugins for Editor in 0.00 ms.
Mono: successfully reloaded assembly
- Completed reload, in  1.597 seconds
Platform modules already initialized, skipping
Refreshing native plugins compatible for Editor in 0.55 ms, found 3 plugins.
Preloading 0 native plugins for Editor in 0.00 ms.
Unloading 2077 Unused Serialized files (Serialized files now loaded: 0)
System memory in use before: 92.9 MB.
System memory in use after: 92.9 MB.

Unloading 21 unused Assets to reduce memory usage. Loaded Objects now: 2551.
Total: 3.769800 ms (FindLiveObjects: 0.301500 ms CreateObjectMapping: 0.115100 ms MarkObjects: 3.191600 ms  DeleteObjects: 0.159800 ms)

========================================================================
Received Import Request.
  Time since last request: 654.681237 seconds.
  path: Assets/ExampleVariables.cs
  artifactKey: Guid(121466b7d557fc64da859c583a09532a) Importer(815301076,1909f56bfc062723c751e8b465ee728b)
Start importing Assets/ExampleVariables.cs using Guid(121466b7d557fc64da859c583a09532a) Importer(815301076,1909f56bfc062723c751e8b465ee728b)  -> (artifact id: 'bcc635d130ab7aabaa6f81f5134fb71f') in 0.008090 seconds
  Import took 0.013473 seconds .

========================================================================
Received Prepare
Registering precompiled user dll's ...
Registered in 0.007271 seconds.
Begin MonoManager ReloadAssembly
Native extension for WindowsStandalone target not found
Refreshing native plugins compatible for Editor in 0.61 ms, found 3 plugins.
Preloading 0 native plugins for Editor in 0.00 ms.
Mono: successfully reloaded assembly
- Completed reload, in  1.536 seconds
Platform modules already initialized, skipping
Refreshing native plugins compatible for Editor in 0.66 ms, found 3 plugins.
Preloading 0 native plugins for Editor in 0.00 ms.
Unloading 2077 Unused Serialized files (Serialized files now loaded: 0)
System memory in use before: 92.9 MB.
System memory in use after: 92.9 MB.

Unloading 21 unused Assets to reduce memory usage. Loaded Objects now: 2555.
Total: 2.520900 ms (FindLiveObjects: 0.307600 ms CreateObjectMapping: 0.106100 ms MarkObjects: 1.973000 ms  DeleteObjects: 0.133100 ms)

========================================================================
Received Import Request.
  Time since last request: 85.077838 seconds.
  path: Assets/PayerController.cs
  artifactKey: Guid(5a6713162b4637848abf00d64254587d) Importer(815301076,1909f56bfc062723c751e8b465ee728b)
Start importing Assets/PayerController.cs using Guid(5a6713162b4637848abf00d64254587d) Importer(815301076,1909f56bfc062723c751e8b465ee728b)  -> (artifact id: '2f29ab4c3e1e164da44663866b53050b') in 0.010104 seconds
  Import took 0.013809 seconds .

========================================================================
Received Prepare
Registering precompiled user dll's ...
Registered in 0.006437 seconds.
Begin MonoManager ReloadAssembly
Native extension for WindowsStandalone target not found
Refreshing native plugins compatible for Editor in 0.79 ms, found 3 plugins.
Preloading 0 native plugins for Editor in 0.00 ms.
Mono: successfully reloaded assembly
- Completed reload, in  1.574 seconds
Platform modules already initialized, skipping
Refreshing native plugins compatible for Editor in 0.74 ms, found 3 plugins.
Preloading 0 native plugins for Editor in 0.00 ms.
Unloading 2076 Unused Serialized files (Serialized files now loaded: 0)
System memory in use before: 92.9 MB.
System memory in use after: 92.9 MB.

Unloading 22 unused Assets to reduce memory usage. Loaded Objects now: 2558.
Total: 3.701400 ms (FindLiveObjects: 0.444500 ms CreateObjectMapping: 0.138200 ms MarkObjects: 2.964700 ms  DeleteObjects: 0.152500 ms)

========================================================================
Received Import Request.
  Time since last request: 71.809397 seconds.
  path: Assets/AssignmentAndLogical.cs
  artifactKey: Guid(11e589391ecd2cf45a26d992aadc5b2f) Importer(815301076,1909f56bfc062723c751e8b465ee728b)
Start importing Assets/AssignmentAndLogical.cs using Guid(11e589391ecd2cf45a26d992aadc5b2f) Importer(815301076,1909f56bfc062723c751e8b465ee728b)  -> (artifact id: '3c4f956ee6be0fde2bc1ba2c7076e344') in 0.012940 seconds
  Import took 0.017579 seconds .

========================================================================
Received Prepare
Registering precompiled user dll's ...
Registered in 0.003670 seconds.
Begin MonoManager ReloadAssembly
Native extension for WindowsStandalone target not found
Refreshing native plugins compatible for Editor in 0.47 ms, found 3 plugins.
Preloading 0 native plugins for Editor in 0.00 ms.
Mono: successfully reloaded assembly
- Completed reload, in  0.951 seconds
Platform modules already initialized, skipping
Refreshing native plugins compatible for Editor in 0.72 ms, found 3 plugins.
Preloading 0 native plugins for Editor in 0.00 ms.
Unloading 2077 Unused Serialized files (Serialized files now loaded: 0)
System memory in use before: 92.9 MB.
System memory in use after: 92.9 MB.

Unloading 21 unused Assets to reduce memory usage. Loaded Objects now: 2563.
Total: 4.184600 ms (FindLiveObjects: 0.519700 ms CreateObjectMapping: 0.176800 ms MarkObjects: 3.331600 ms  DeleteObjects: 0.154200 ms)

========================================================================
Received Import Request.
  Time since last request: 98.623065 seconds.
  path: Assets/AssignmentAndLogical.cs
  artifactKey: Guid(11e589391ecd2cf45a26d992aadc5b2f) Importer(815301076,1909f56bfc062723c751e8b465ee728b)
Start importing Assets/AssignmentAndLogical.cs using Guid(11e589391ecd2cf45a26d992aadc5b2f) Importer(815301076,1909f56bfc062723c751e8b465ee728b)  -> (artifact id: '7246f8e9a6932b61ebc7c94b064cfaa7') in 0.006813 seconds
  Import took 0.011766 seconds .

========================================================================
Received Import Request.
  Time since last request: 10.391438 seconds.
  path: Assets/OperatorAndLogical.cs
  artifactKey: Guid(11e589391ecd2cf45a26d992aadc5b2f) Importer(815301076,1909f56bfc062723c751e8b465ee728b)
Start importing Assets/OperatorAndLogical.cs using Guid(11e589391ecd2cf45a26d992aadc5b2f) Importer(815301076,1909f56bfc062723c751e8b465ee728b)  -> (artifact id: '9b3b8f081e98619118462ec70172b404') in 0.009572 seconds
  Import took 0.013216 seconds .

========================================================================
Received Prepare
Registering precompiled user dll's ...
Registered in 0.003696 seconds.
Begin MonoManager ReloadAssembly
Native extension for WindowsStandalone target not found
Refreshing native plugins compatible for Editor in 0.46 ms, found 3 plugins.
Preloading 0 native plugins for Editor in 0.00 ms.
Mono: successfully reloaded assembly
- Completed reload, in  0.944 seconds
Platform modules already initialized, skipping
Refreshing native plugins compatible for Editor in 0.50 ms, found 3 plugins.
Preloading 0 native plugins for Editor in 0.00 ms.
Unloading 2077 Unused Serialized files (Serialized files now loaded: 0)
System memory in use before: 92.9 MB.
System memory in use after: 92.9 MB.

Unloading 21 unused Assets to reduce memory usage. Loaded Objects now: 2567.
Total: 2.555800 ms (FindLiveObjects: 0.223400 ms CreateObjectMapping: 0.076200 ms MarkObjects: 2.135100 ms  DeleteObjects: 0.119800 ms)

========================================================================
Received Prepare
Registering precompiled user dll's ...
Registered in 0.004830 seconds.
Begin MonoManager ReloadAssembly
Native extension for WindowsStandalone target not found
Refreshing native plugins compatible for Editor in 0.48 ms, found 3 plugins.
Preloading 0 native plugins for Editor in 0.00 ms.
Mono: successfully reloaded assembly
- Completed reload, in  0.989 seconds
Platform modules already initialized, skipping
Refreshing native plugins compatible for Editor in 0.51 ms, found 3 plugins.
Preloading 0 native plugins for Editor in 0.00 ms.
Unloading 2077 Unused Serialized files (Serialized files now loaded: 0)
System memory in use before: 92.9 MB.
System memory in use after: 92.9 MB.

Unloading 21 unused Assets to reduce memory usage. Loaded Objects now: 2571.
Total: 2.102000 ms (FindLiveObjects: 0.248200 ms CreateObjectMapping: 0.065100 ms MarkObjects: 1.683200 ms  DeleteObjects: 0.104500 ms)

========================================================================
Received Import Request.
  Time since last request: 871.483629 seconds.
  path: Assets/AssignmentAndLogical.cs
  artifactKey: Guid(11e589391ecd2cf45a26d992aadc5b2f) Importer(815301076,1909f56bfc062723c751e8b465ee728b)
Start importing Assets/AssignmentAndLogical.cs using Guid(11e589391ecd2cf45a26d992aadc5b2f) Importer(815301076,1909f56bfc062723c751e8b465ee728b)  -> (artifact id: 'e6da1cd5e5791af3a8b8f06455838bb3') in 0.007790 seconds
  Import took 0.012850 seconds .

========================================================================
Received Import Request.
  Time since last request: 0.000519 seconds.
  path: Assets/AssignmentAndLogical.cs
  artifactKey: Guid(11e589391ecd2cf45a26d992aadc5b2f) Importer(815301076,1909f56bfc062723c751e8b465ee728b)
Start importing Assets/AssignmentAndLogical.cs using Guid(11e589391ecd2cf45a26d992aadc5b2f) Importer(815301076,1909f56bfc062723c751e8b465ee728b)  -> (artifact id: 'e6da1cd5e5791af3a8b8f06455838bb3') in 0.004534 seconds
  Import took 0.009004 seconds .

========================================================================
Received Import Request.
  Time since last request: 32.761246 seconds.
  path: Assets/AssignmentAndLogical.cs
  artifactKey: Guid(11e589391ecd2cf45a26d992aadc5b2f) Importer(815301076,1909f56bfc062723c751e8b465ee728b)
Start importing Assets/AssignmentAndLogical.cs using Guid(11e589391ecd2cf45a26d992aadc5b2f) Importer(815301076,1909f56bfc062723c751e8b465ee728b)  -> (artifact id: 'bf0425c2ccaa9651cc60b0e6ec04d1a4') in 0.013305 seconds
  Import took 0.019156 seconds .

========================================================================
Received Prepare
Registering precompiled user dll's ...
Registered in 0.004976 seconds.
Begin MonoManager ReloadAssembly
Native extension for WindowsStandalone target not found
Refreshing native plugins compatible for Editor in 0.38 ms, found 3 plugins.
Preloading 0 native plugins for Editor in 0.00 ms.
Mono: successfully reloaded assembly
- Completed reload, in  1.062 seconds
Platform modules already initialized, skipping
Refreshing native plugins compatible for Editor in 0.42 ms, found 3 plugins.
Preloading 0 native plugins for Editor in 0.00 ms.
Unloading 2077 Unused Serialized files (Serialized files now loaded: 0)
System memory in use before: 92.9 MB.
System memory in use after: 92.9 MB.

Unloading 21 unused Assets to reduce memory usage. Loaded Objects now: 2575.
Total: 2.007800 ms (FindLiveObjects: 0.194900 ms CreateObjectMapping: 0.068000 ms MarkObjects: 1.651000 ms  DeleteObjects: 0.093000 ms)

========================================================================
Received Import Request.
  Time since last request: 21.137700 seconds.
  path: Assets/AssignmentAndLogical.cs
  artifactKey: Guid(11e589391ecd2cf45a26d992aadc5b2f) Importer(815301076,1909f56bfc062723c751e8b465ee728b)
Start importing Assets/AssignmentAndLogical.cs using Guid(11e589391ecd2cf45a26d992aadc5b2f) Importer(815301076,1909f56bfc062723c751e8b465ee728b)  -> (artifact id: 'df56ca899182ed2a32967b9037b371d4') in 0.004778 seconds
  Import took 0.008113 seconds .

========================================================================
Received Prepare
Registering precompiled user dll's ...
Registered in 0.003986 seconds.
Begin MonoManager ReloadAssembly
Native extension for WindowsStandalone target not found
Refreshing native plugins compatible for Editor in 0.61 ms, found 3 plugins.
Preloading 0 native plugins for Editor in 0.00 ms.
Mono: successfully reloaded assembly
- Completed reload, in  1.062 seconds
Platform modules already initialized, skipping
Refreshing native plugins compatible for Editor in 0.38 ms, found 3 plugins.
Preloading 0 native plugins for Editor in 0.00 ms.
Unloading 2077 Unused Serialized files (Serialized files now loaded: 0)
System memory in use before: 92.9 MB.
System memory in use after: 92.9 MB.

Unloading 21 unused Assets to reduce memory usage. Loaded Objects now: 2579.
Total: 2.270500 ms (FindLiveObjects: 0.196200 ms CreateObjectMapping: 0.056900 ms MarkObjects: 1.874000 ms  DeleteObjects: 0.142500 ms)

========================================================================
Received Prepare
Registering precompiled user dll's ...
Registered in 0.004071 seconds.
Begin MonoManager ReloadAssembly
Native extension for WindowsStandalone target not found
Refreshing native plugins compatible for Editor in 0.52 ms, found 3 plugins.
Preloading 0 native plugins for Editor in 0.00 ms.
Mono: successfully reloaded assembly
- Completed reload, in  1.116 seconds
Platform modules already initialized, skipping
Refreshing native plugins compatible for Editor in 0.53 ms, found 3 plugins.
Preloading 0 native plugins for Editor in 0.00 ms.
Unloading 2077 Unused Serialized files (Serialized files now loaded: 0)
System memory in use before: 93.0 MB.
System memory in use after: 92.9 MB.

Unloading 21 unused Assets to reduce memory usage. Loaded Objects now: 2583.
Total: 2.784400 ms (FindLiveObjects: 0.236100 ms CreateObjectMapping: 0.094900 ms MarkObjects: 2.314000 ms  DeleteObjects: 0.138200 ms)

========================================================================
Received Prepare
Registering precompiled user dll's ...
Registered in 0.005042 seconds.
Begin MonoManager ReloadAssembly
Native extension for WindowsStandalone target not found
Refreshing native plugins compatible for Editor in 0.67 ms, found 3 plugins.
Preloading 0 native plugins for Editor in 0.00 ms.
Mono: successfully reloaded assembly
- Completed reload, in  1.064 seconds
Platform modules already initialized, skipping
Refreshing native plugins compatible for Editor in 0.53 ms, found 3 plugins.
Preloading 0 native plugins for Editor in 0.00 ms.
Unloading 2077 Unused Serialized files (Serialized files now loaded: 0)
System memory in use before: 93.0 MB.
System memory in use after: 92.9 MB.

Unloading 21 unused Assets to reduce memory usage. Loaded Objects now: 2587.
Total: 2.636500 ms (FindLiveObjects: 0.300400 ms CreateObjectMapping: 0.130300 ms MarkObjects: 2.055400 ms  DeleteObjects: 0.149100 ms)

========================================================================
Received Prepare
Registering precompiled user dll's ...
Registered in 0.003769 seconds.
Begin MonoManager ReloadAssembly
Native extension for WindowsStandalone target not found
Refreshing native plugins compatible for Editor in 0.50 ms, found 3 plugins.
Preloading 0 native plugins for Editor in 0.00 ms.
Mono: successfully reloaded assembly
- Completed reload, in  1.010 seconds
Platform modules already initialized, skipping
Refreshing native plugins compatible for Editor in 0.46 ms, found 3 plugins.
Preloading 0 native plugins for Editor in 0.00 ms.
Unloading 2077 Unused Serialized files (Serialized files now loaded: 0)
System memory in use before: 93.0 MB.
System memory in use after: 93.0 MB.

Unloading 21 unused Assets to reduce memory usage. Loaded Objects now: 2591.
Total: 2.554500 ms (FindLiveObjects: 0.232800 ms CreateObjectMapping: 0.061800 ms MarkObjects: 2.114800 ms  DeleteObjects: 0.143900 ms)

========================================================================
Received Prepare
Registering precompiled user dll's ...
Registered in 0.003986 seconds.
Begin MonoManager ReloadAssembly
Native extension for WindowsStandalone target not found
Refreshing native plugins compatible for Editor in 0.44 ms, found 3 plugins.
Preloading 0 native plugins for Editor in 0.00 ms.
Mono: successfully reloaded assembly
- Completed reload, in  1.018 seconds
Platform modules already initialized, skipping
Refreshing native plugins compatible for Editor in 0.44 ms, found 3 plugins.
Preloading 0 native plugins for Editor in 0.00 ms.
Unloading 2077 Unused Serialized files (Serialized files now loaded: 0)
System memory in use before: 93.0 MB.
System memory in use after: 93.0 MB.

Unloading 21 unused Assets to reduce memory usage. Loaded Objects now: 2595.
Total: 2.319400 ms (FindLiveObjects: 0.202300 ms CreateObjectMapping: 0.070700 ms MarkObjects: 1.904600 ms  DeleteObjects: 0.140900 ms)

========================================================================
Received Prepare
Registering precompiled user dll's ...
Registered in 0.003891 seconds.
Begin MonoManager ReloadAssembly
Native extension for WindowsStandalone target not found
Refreshing native plugins compatible for Editor in 1.26 ms, found 3 plugins.
Preloading 0 native plugins for Editor in 0.00 ms.
Mono: successfully reloaded assembly
- Completed reload, in  1.736 seconds
Platform modules already initialized, skipping
Refreshing native plugins compatible for Editor in 1.19 ms, found 3 plugins.
Preloading 0 native plugins for Editor in 0.00 ms.
Unloading 2077 Unused Serialized files (Serialized files now loaded: 0)
System memory in use before: 93.0 MB.
System memory in use after: 93.0 MB.

Unloading 21 unused Assets to reduce memory usage. Loaded Objects now: 2599.
Total: 7.438200 ms (FindLiveObjects: 0.805900 ms CreateObjectMapping: 0.378500 ms MarkObjects: 5.897100 ms  DeleteObjects: 0.353700 ms)

========================================================================
Received Prepare
Registering precompiled user dll's ...
Registered in 0.012144 seconds.
Begin MonoManager ReloadAssembly
Native extension for WindowsStandalone target not found
Refreshing native plugins compatible for Editor in 1.05 ms, found 3 plugins.
Preloading 0 native plugins for Editor in 0.00 ms.
Mono: successfully reloaded assembly
- Completed reload, in  1.878 seconds
Platform modules already initialized, skipping
Refreshing native plugins compatible for Editor in 1.10 ms, found 3 plugins.
Preloading 0 native plugins for Editor in 0.00 ms.
Unloading 2077 Unused Serialized files (Serialized files now loaded: 0)
System memory in use before: 93.0 MB.
System memory in use after: 93.0 MB.

Unloading 21 unused Assets to reduce memory usage. Loaded Objects now: 2603.
Total: 5.074900 ms (FindLiveObjects: 0.519500 ms CreateObjectMapping: 0.311300 ms MarkObjects: 3.907400 ms  DeleteObjects: 0.334600 ms)

AssetImportWorkerClient::OnTransportError - code=2 error=End of file
